<?xml version="1.0" encoding="UTF-8"?>
<!-- Generated by org.testng.reporters.JUnitXMLReporter -->
<testsuite ignored="0" hostname="LAPTOP-6883ILH2" failures="0" tests="3" name="Test" time="0.201" errors="0" timestamp="2022-03-01T19:46:25 IST">
  <testcase classname="com.base.BaseClass" name="@BeforeMethod setUp" time="0.014">
    <failure type="java.lang.NullPointerException">
      <![CDATA[java.lang.NullPointerException
at com.base.BaseClass.setUp(BaseClass.java:19)
at java.base/java.util.ArrayList.forEach(ArrayList.java:1541)
... Removed 31 stack frames]]>
    </failure>
  </testcase> <!-- @BeforeMethod setUp -->
  <testcase classname="com.base.BaseClass" name="@AfterMethod tearDown" time="-1.646144185789E9">
    <skipped/>
  </testcase> <!-- @AfterMethod tearDown -->
  <testcase classname="com.base.BaseClass" name="@BeforeMethod setUp" time="-1.646144185796E9">
    <skipped/>
  </testcase> <!-- @BeforeMethod setUp -->
  <testcase classname="com.base.BaseClass" name="@AfterMethod tearDown" time="-1.646144185816E9">
    <skipped/>
  </testcase> <!-- @AfterMethod tearDown -->
  <testcase classname="com.base.BaseClass" name="@BeforeMethod setUp" time="-1.64614418582E9">
    <skipped/>
  </testcase> <!-- @BeforeMethod setUp -->
  <testcase classname="com.base.BaseClass" name="@AfterMethod tearDown" time="-1.646144185831E9">
    <skipped/>
  </testcase> <!-- @AfterMethod tearDown -->
  <testcase classname="com.test.SampleTest" name="test1" time="0.0">
    <skipped/>
  </testcase> <!-- test1 -->
  <testcase classname="com.test.SampleTest" name="test2" time="0.0">
    <skipped/>
  </testcase> <!-- test2 -->
  <testcase classname="com.test.SampleTest" name="test3" time="0.0">
    <skipped/>
  </testcase> <!-- test3 -->
</testsuite> <!-- Test -->
